{"uuid":"3c48508f-6006-4623-b121-a980e9e1b9b0","historyId":"15c2f714e49e38f905c4fbd8f55ca460","testCaseId":"[engine:junit-jupiter]/[class:tests.CartTests]/[method:verifyMultiTabCartConsistency()]","testCaseName":"verifyMultiTabCartConsistency()","fullName":"tests.CartTests.verifyMultiTabCartConsistency","labels":[{"name":"junit.platform.uniqueid","value":"[engine:junit-jupiter]/[class:tests.CartTests]/[method:verifyMultiTabCartConsistency()]"},{"name":"host","value":"AMALITECHPC-10716"},{"name":"thread","value":"26264@AMALITECHPC-10716.main(1)"},{"name":"framework","value":"junit-platform"},{"name":"language","value":"java"},{"name":"package","value":"tests.CartTests"},{"name":"testClass","value":"tests.CartTests"},{"name":"testMethod","value":"verifyMultiTabCartConsistency"},{"name":"suite","value":"tests.CartTests"}],"links":[],"name":"verifyMultiTabCartConsistency()","status":"broken","statusDetails":{"known":false,"muted":false,"flaky":false,"message":"Product not found: Samsung galaxy s7","trace":"java.lang.RuntimeException: Product not found: Samsung galaxy s7\r\n\tat pages.HomePage.clickProduct(HomePage.java:95)\r\n\tat tests.CartTests.verifyMultiTabCartConsistency(CartTests.java:133)\r\n\tat java.base/java.lang.reflect.Method.invoke(Method.java:580)\r\n\tat java.base/java.util.ArrayList.forEach(ArrayList.java:1596)\r\n\tat java.base/java.util.ArrayList.forEach(ArrayList.java:1596)\r\n\tSuppressed: org.openqa.selenium.NoSuchElementException: no such element: Unable to locate element: {\"method\":\"css selector\",\"selector\":\"#cartur\"}\n  (Session info: chrome=136.0.7103.93)\nFor documentation on this error, please visit: https://www.selenium.dev/documentation/webdriver/troubleshooting/errors#no-such-element-exception\nBuild info: version: '4.20.0', revision: '866c76ca80'\nSystem info: os.name: 'Windows 11', os.arch: 'amd64', os.version: '10.0', java.version: '21.0.5'\nDriver info: org.openqa.selenium.chrome.ChromeDriver\nCommand: [09fef5b2799cbe2fd1250266ac764559, findElement {value=cartur, using=id}]\nCapabilities {acceptInsecureCerts: false, browserName: chrome, browserVersion: 136.0.7103.93, chrome: {chromedriverVersion: 136.0.7103.92 (cb81a4cc5087..., userDataDir: C:\\Users\\ZANITT~1\\AppData\\L...}, fedcm:accounts: true, goog:chromeOptions: {debuggerAddress: localhost:5509}, networkConnectionEnabled: false, pageLoadStrategy: normal, platformName: windows, proxy: Proxy(), se:cdp: ws://localhost:5509/devtool..., se:cdpVersion: 136.0.7103.93, setWindowRect: true, strictFileInteractability: false, timeouts: {implicit: 0, pageLoad: 300000, script: 30000}, unhandledPromptBehavior: dismiss and notify, webauthn:extension:credBlob: true, webauthn:extension:largeBlob: true, webauthn:extension:minPinLength: true, webauthn:extension:prf: true, webauthn:virtualAuthenticators: true}\nSession ID: 09fef5b2799cbe2fd1250266ac764559\r\n\t\tat java.base/jdk.internal.reflect.DirectConstructorHandleAccessor.newInstance(DirectConstructorHandleAccessor.java:62)\r\n\t\tat java.base/java.lang.reflect.Constructor.newInstanceWithCaller(Constructor.java:502)\r\n\t\tat java.base/java.lang.reflect.Constructor.newInstance(Constructor.java:486)\r\n\t\tat org.openqa.selenium.remote.ErrorCodec.decode(ErrorCodec.java:167)\r\n\t\tat org.openqa.selenium.remote.codec.w3c.W3CHttpResponseCodec.decode(W3CHttpResponseCodec.java:138)\r\n\t\tat org.openqa.selenium.remote.codec.w3c.W3CHttpResponseCodec.decode(W3CHttpResponseCodec.java:50)\r\n\t\tat org.openqa.selenium.remote.HttpCommandExecutor.execute(HttpCommandExecutor.java:190)\r\n\t\tat org.openqa.selenium.remote.service.DriverCommandExecutor.invokeExecute(DriverCommandExecutor.java:216)\r\n\t\tat org.openqa.selenium.remote.service.DriverCommandExecutor.execute(DriverCommandExecutor.java:174)\r\n\t\tat org.openqa.selenium.remote.RemoteWebDriver.execute(RemoteWebDriver.java:518)\r\n\t\tat org.openqa.selenium.remote.ElementLocation$ElementFinder$2.findElement(ElementLocation.java:165)\r\n\t\tat org.openqa.selenium.remote.ElementLocation.findElement(ElementLocation.java:66)\r\n\t\tat org.openqa.selenium.remote.RemoteWebDriver.findElement(RemoteWebDriver.java:355)\r\n\t\tat org.openqa.selenium.remote.RemoteWebDriver.findElement(RemoteWebDriver.java:349)\r\n\t\tat pages.CartPage.navigateToCart(CartPage.java:25)\r\n\t\tat tests.CartTests.clearCartAfterTest(CartTests.java:27)\r\n\t\t... 3 more\r\n"},"stage":"finished","description":"","steps":[],"attachments":[],"parameters":[],"start":1746992243136,"stop":1746992268462}